[2023-06-03T03:06:03.833Z] POST /user/login
Response 400 Bad Request
Response Body: undefined
[2023-06-03T03:06:12.472Z] POST /user/login
Response 200 OK
Response Body: undefined
[2023-06-03T03:06:12.514Z] GET /companyInfo/getCompanyInfoList?email=
[2023-06-03T03:06:12.518Z] GET /company/getCompanyList?ids=
Response 304 Not Modified
Response Body: undefined
Response 304 Not Modified
Response Body: undefined
[2023-06-03T03:06:13.557Z] GET /companyInfo/getCompanyInfoList?email=jane@example.com
Response 304 Not Modified
Response Body: undefined
[2023-06-03T03:06:13.575Z] GET /company/getCompanyList?ids=2%2C5%2C9
Response 304 Not Modified
Response Body: undefined
[2023-06-03T03:06:25.007Z] GET /company/searchCompany/?words=%E3%83%86%E3%83%83%E3%82%AF
Response 304 Not Modified
Response Body: undefined
[2023-06-03T03:06:32.322Z] PUT /companyInfo/updateCompanyInfo/jane@example.com/1
[2023-06-03T03:06:32.325Z] PUT /user/update/jane@example.com
Response 400 Bad Request
Response Body: undefined
Response 400 Bad Request
Response Body: undefined
[2023-06-03T03:07:53.806Z] PUT /companyInfo/updateCompanyInfo/jane@example.com/1
Response 400 Bad Request
Response Body: undefined
[2023-06-03T03:07:53.811Z] GET /company/getCompanyList?ids=2%2C5%2C9%2C1
Response 304 Not Modified
Response Body: undefined
[2023-06-03T03:14:35.019Z] POST /user/login
Response 200 OK
Response Body: undefined
[2023-06-03T03:14:35.093Z] GET /companyInfo/getCompanyInfoList?email=
[2023-06-03T03:14:35.095Z] GET /company/getCompanyList?ids=
Response 304 Not Modified
Response Body: undefined
Response 304 Not Modified
Response Body: undefined
[2023-06-03T03:14:36.014Z] GET /companyInfo/getCompanyInfoList?email=jane@example.com
Response 304 Not Modified
Response Body: undefined
[2023-06-03T03:14:36.026Z] GET /company/getCompanyList?ids=2%2C5%2C9
Response 304 Not Modified
Response Body: undefined
[2023-06-03T03:14:47.327Z] GET /company/searchCompany/?words=%E3%83%86%E3%83%83%E3%82%AF
Response 304 Not Modified
Response Body: undefined
[2023-06-03T03:16:02.720Z] GET /companyInfo/getCompanyInfoList?email=jane@example.com
[2023-06-03T03:16:02.723Z] GET /company/getCompanyList?ids=2%2C5%2C9
Response 304 Not Modified
Response Body: undefined
Response 304 Not Modified
Response Body: undefined
[2023-06-03T03:16:02.735Z] GET /company/getCompanyList?ids=2%2C5%2C9
Response 304 Not Modified
Response Body: undefined
[2023-06-03T03:20:04.025Z] POST /user/login
Response 200 OK
Response Body: undefined
[2023-06-03T03:20:04.071Z] GET /company/getCompanyList?ids=
[2023-06-03T03:20:04.074Z] GET /companyInfo/getCompanyInfoList?email=
Response 304 Not Modified
Response Body: undefined
Response 304 Not Modified
Response Body: undefined
[2023-06-03T03:20:05.283Z] GET /companyInfo/getCompanyInfoList?email=jane@example.com
Response 304 Not Modified
Response Body: undefined
[2023-06-03T03:20:05.294Z] GET /company/getCompanyList?ids=2%2C5%2C9
Response 304 Not Modified
Response Body: undefined
[2023-06-03T03:20:32.236Z] PUT /companyInfo/updateCompanyInfo/jane@example.com/8
[2023-06-03T03:20:32.240Z] PUT /user/update/jane@example.com
Response 400 Bad Request
Response Body: undefined
Response 400 Bad Request
Response Body: undefined
[2023-06-03T03:28:48.237Z] POST /user/login
Request Body: {"email":"jane@example.com","password":"qwerty"}
Response 200 OK
Response Body: undefined
[2023-06-03T03:28:48.326Z] GET /companyInfo/getCompanyInfoList?email=
Request Body: {}
[2023-06-03T03:28:48.329Z] GET /company/getCompanyList?ids=
Request Body: {}
Response 304 Not Modified
Response Body: undefined
Response 304 Not Modified
Response Body: undefined
[2023-06-03T03:28:49.245Z] GET /companyInfo/getCompanyInfoList?email=jane@example.com
Request Body: {}
Response 304 Not Modified
Response Body: undefined
[2023-06-03T03:28:49.259Z] GET /company/getCompanyList?ids=2%2C5%2C9
Request Body: {}
Response 304 Not Modified
Response Body: undefined
[2023-06-03T03:28:56.461Z] PUT /companyInfo/updateCompanyInfo/jane@example.com/8
Request Body: {"memo":""}
[2023-06-03T03:28:56.465Z] PUT /user/update/jane@example.com
Request Body: {"name":"Jane Doe","companyInfoList":[{"_id":"64784ee64ef3d623f17b3c0e","email":"jane@example.com","id":"2","memo":"プレゼン資料の作成"},{"_id":"64784ee64ef3d623f17b3c0f","email":"jane@example.com","id":"5","memo":"営業戦略の見直し"},{"_id":"64784ee64ef3d623f17b3c10","email":"jane@example.com","id":"9","memo":"社内会議のアジェンダ作成"},{"email":"jane@example.com","id":"8","memo":""}]}
Response 400 Bad Request
Response Body: undefined
Response 400 Bad Request
Response Body: undefined
[2023-06-03T03:30:49.980Z] POST /user/login
Request Body: {"email":"jane@example.com","password":"qwerty"}
Response 200 OK
Response Body: undefined
[2023-06-03T03:30:50.023Z] GET /companyInfo/getCompanyInfoList?email=
Request Body: {}
[2023-06-03T03:30:50.026Z] GET /company/getCompanyList?ids=
Request Body: {}
Response 304 Not Modified
Response Body: undefined
Response 304 Not Modified
Response Body: undefined
[2023-06-03T03:30:51.071Z] GET /companyInfo/getCompanyInfoList?email=jane@example.com
Request Body: {}
Response 304 Not Modified
Response Body: undefined
[2023-06-03T03:30:51.090Z] GET /company/getCompanyList?ids=2%2C5%2C9
Request Body: {}
Response 304 Not Modified
Response Body: undefined
[2023-06-03T03:30:57.915Z] PUT /companyInfo/updateCompanyInfo/jane@example.com/8
Request Body: {"memo":""}
[2023-06-03T03:30:57.918Z] PUT /user/update/jane@example.com
Request Body: {"name":"Jane Doe","companyInfoList":["2","5","9","8"]}
Response 400 Bad Request
Response Body: undefined
Response 200 OK
Response Body: undefined
[2023-06-03T03:31:04.797Z] PUT /companyInfo/updateCompanyInfo/jane@example.com/8
Request Body: {"memo":"dfassasdf"}
[2023-06-03T03:31:04.800Z] GET /company/getCompanyList?ids=2%2C5%2C9%2C8
Request Body: {}
Response 400 Bad Request
Response Body: undefined
Response 200 OK
Response Body: undefined
[2023-06-03T03:34:04.507Z] POST /user/login
Request Body: {"email":"jane@example.com","password":"qwerty"}
Response 200 OK
Response Body: undefined
[2023-06-03T03:34:04.592Z] GET /companyInfo/getCompanyInfoList?email=
Request Body: {}
[2023-06-03T03:34:04.595Z] GET /company/getCompanyList?ids=
Request Body: {}
Response 304 Not Modified
Response Body: undefined
Response 304 Not Modified
Response Body: undefined
[2023-06-03T03:34:07.253Z] GET /companyInfo/getCompanyInfoList?email=jane@example.com
Request Body: {}
Response 304 Not Modified
Response Body: undefined
[2023-06-03T03:34:07.264Z] GET /company/getCompanyList?ids=2%2C5%2C9
Request Body: {}
Response 304 Not Modified
Response Body: undefined
[2023-06-03T03:34:11.056Z] PUT /companyInfo/updateCompanyInfo/jane@example.com/8
Request Body: {"memo":""}
[2023-06-03T03:34:11.060Z] PUT /user/update/jane@example.com
Request Body: {"name":"Jane Doe","companyInfoList":["2","5","9","8"]}
Response 400 Bad Request
Response Body: undefined
Response 200 OK
Response Body: undefined
[2023-06-03T03:34:22.431Z] PUT /companyInfo/updateCompanyInfo/jane@example.com/8
Request Body: {"memo":""}
[2023-06-03T03:34:22.434Z] PUT /user/update/jane@example.com
Request Body: {"name":"Jane Doe","companyInfoList":["2","5","9","8"]}
Response 400 Bad Request
Response Body: undefined
Response 200 OK
Response Body: undefined
[2023-06-03T03:37:52.695Z] PUT /companyInfo/updateCompanyInfo/jane@example.com/1
Request Body: {"memo":""}
[2023-06-03T03:37:52.702Z] PUT /user/update/jane@example.com
Request Body: {"name":"Jane Doe","companyInfoList":["2","5","9","8","1"]}
Response 400 Bad Request
Response Body: undefined
Response 200 OK
Response Body: undefined
[2023-06-03T03:38:12.628Z] PUT /companyInfo/updateCompanyInfo/jane@example.com/1
Request Body: {"memo":"ykujhg"}
[2023-06-03T03:38:12.630Z] GET /company/getCompanyList?ids=2%2C5%2C9%2C1
Request Body: {}
Response 400 Bad Request
Response Body: undefined
Response 304 Not Modified
Response Body: undefined
[2023-06-03T03:48:02.765Z] POST /user/login
Request Body: {"email":"jane@example.com","password":"qwerty"}
Response 200 OK
Response Body: undefined
[2023-06-03T03:48:02.850Z] GET /companyInfo/getCompanyInfoList?email=
Request Body: {}
[2023-06-03T03:48:02.854Z] GET /company/getCompanyList?ids=
Request Body: {}
Response 304 Not Modified
Response Body: undefined
Response 304 Not Modified
Response Body: undefined
[2023-06-03T03:48:04.193Z] GET /companyInfo/getCompanyInfoList?email=jane@example.com
Request Body: {}
Response 200 OK
Response Body: undefined
[2023-06-03T03:48:04.207Z] GET /company/getCompanyList?ids=2%2C5%2C9
Request Body: {}
Response 200 OK
Response Body: undefined
[2023-06-03T03:48:10.396Z] GET /company/searchCompany/?words=%E3%83%86%E3%83%83%E3%82%AF
Request Body: {}
Response 200 OK
Response Body: undefined
[2023-06-03T03:48:13.430Z] POST /companyInfo/registerCompanyInfo
Request Body: {"email":"jane@example.com","id":"8","memo":""}
Response 400 Bad Request
Response Body: undefined
[2023-06-03T03:48:13.441Z] PUT /user/update/jane@example.com
Request Body: {"name":"Jane Doe","companyInfoList":["2","5","9","8"]}
Response 200 OK
Response Body: undefined
[2023-06-03T03:48:19.856Z] PUT /companyInfo/updateCompanyInfo/jane@example.com/8
Request Body: {"memo":"あfdさsd"}
[2023-06-03T03:48:19.860Z] GET /company/getCompanyList?ids=2%2C5%2C9%2C8
Request Body: {}
Response 400 Bad Request
Response Body: undefined
Response 200 OK
Response Body: undefined
[2023-06-03T03:53:09.764Z] POST /user/login
Request Body: {"email":"jane@example.com","password":"qwerty"}
Response 200 OK
Response Body: undefined
[2023-06-03T03:53:09.796Z] GET /companyInfo/getCompanyInfoList?email=
Request Body: {}
[2023-06-03T03:53:09.799Z] GET /company/getCompanyList?ids=
Request Body: {}
Response 304 Not Modified
Response Body: undefined
Response 304 Not Modified
Response Body: undefined
[2023-06-03T03:53:10.752Z] GET /companyInfo/getCompanyInfoList?email=jane@example.com
Request Body: {}
Response 304 Not Modified
Response Body: undefined
[2023-06-03T03:53:10.761Z] GET /company/getCompanyList?ids=2%2C5%2C9
Request Body: {}
Response 304 Not Modified
Response Body: undefined
[2023-06-03T03:53:15.432Z] POST /companyInfo/registerCompanyInfo
Request Body: {"email":"jane@example.com","id":"8","memo":""}
Response 400 Bad Request
Response Body: undefined
[2023-06-03T03:53:15.438Z] PUT /user/update/jane@example.com
Request Body: {"name":"Jane Doe","companyInfoList":["2","5","9","8"]}
Response 200 OK
Response Body: undefined
[2023-06-03T03:54:13.367Z] POST /companyInfo/registerCompanyInfo
Request Body: {"email":"jane@example.com","id":"4","memo":""}
Response 400 Bad Request
Response Body: undefined
[2023-06-03T03:54:13.372Z] PUT /user/update/jane@example.com
Request Body: {"name":"Jane Doe","companyInfoList":["2","5","9","8","4"]}
Response 200 OK
Response Body: undefined
[2023-06-03T03:54:38.816Z] POST /companyInfo/registerCompanyInfo
Request Body: {"email":"jane@example.com","id":"1","memo":""}
Response 400 Bad Request
Response Body: undefined
[2023-06-03T03:54:38.821Z] PUT /user/update/jane@example.com
Request Body: {"name":"Jane Doe","companyInfoList":["2","5","9","8","4","1"]}
Response 200 OK
Response Body: undefined
[2023-06-03T03:55:50.645Z] POST /user/login
Request Body: {"email":"jane@example.com","password":"qwerty"}
Response 200 OK
Response Body: undefined
[2023-06-03T03:55:50.687Z] GET /companyInfo/getCompanyInfoList?email=
Request Body: {}
[2023-06-03T03:55:50.690Z] GET /company/getCompanyList?ids=
Request Body: {}
Response 304 Not Modified
Response Body: undefined
Response 304 Not Modified
Response Body: undefined
[2023-06-03T03:55:51.604Z] GET /companyInfo/getCompanyInfoList?email=jane@example.com
Request Body: {}
Response 304 Not Modified
Response Body: undefined
[2023-06-03T03:55:51.614Z] GET /company/getCompanyList?ids=2%2C5%2C9
Request Body: {}
Response 304 Not Modified
Response Body: undefined
[2023-06-03T03:55:57.063Z] POST /companyInfo/registerCompanyInfo
Request Body: {"email":"jane@example.com","id":"8","memo":""}
Response 400 Bad Request
Response Body: undefined
[2023-06-03T03:55:57.068Z] PUT /user/update/jane@example.com
Request Body: {"name":"Jane Doe","companyInfoList":["2","5","9","8","4","1"]}
Response 200 OK
Response Body: undefined
[2023-06-03T03:56:55.045Z] POST /user/login
Request Body: {"email":"jane@example.com","password":"qwerty"}
Response 200 OK
Response Body: undefined
[2023-06-03T03:56:55.089Z] GET /companyInfo/getCompanyInfoList?email=
Request Body: {}
[2023-06-03T03:56:55.093Z] GET /company/getCompanyList?ids=
Request Body: {}
Response 304 Not Modified
Response Body: undefined
Response 304 Not Modified
Response Body: undefined
[2023-06-03T03:56:55.976Z] GET /companyInfo/getCompanyInfoList?email=jane@example.com
Request Body: {}
Response 200 OK
Response Body: undefined
[2023-06-03T03:56:55.988Z] GET /company/getCompanyList?ids=2%2C5%2C9
Request Body: {}
Response 200 OK
Response Body: undefined
[2023-06-03T03:57:01.415Z] POST /companyInfo/registerCompanyInfo
Request Body: {"email":"jane@example.com","id":"1","memo":""}
Response 400 Bad Request
Response Body: undefined
[2023-06-03T03:57:01.420Z] PUT /user/update/jane@example.com
Request Body: {"name":"Jane Doe","companyInfoList":["2","5","9","1"]}
Response 200 OK
Response Body: undefined
[2023-06-03T03:58:58.847Z] POST /companyInfo/registerCompanyInfo
Request Body: {"email":"jane@example.com","id":"1","memo":""}
Response 400 Bad Request
Response Body: undefined
[2023-06-03T04:08:34.572Z] POST /companyInfo/registerCompanyInfo
Request Body: {"email":"jane@example.com","id":"1","memo":""}
Response 400 Bad Request
Response Body: undefined
[2023-06-03T04:08:47.493Z] POST /companyInfo/registerCompanyInfo
Request Body: {"email":"jane@example.com","id":"1","memo":""}
Response 200 OK
Response Body: undefined
[2023-06-03T04:09:15.722Z] POST /user/login
Request Body: {"email":"jane@example.com","password":"qwerty"}
Response 200 OK
Response Body: undefined
[2023-06-03T04:09:15.792Z] GET /companyInfo/getCompanyInfoList?email=
Request Body: {}
[2023-06-03T04:09:15.794Z] GET /company/getCompanyList?ids=
Request Body: {}
Response 304 Not Modified
Response Body: undefined
Response 304 Not Modified
Response Body: undefined
[2023-06-03T04:09:17.042Z] GET /companyInfo/getCompanyInfoList?email=jane@example.com
Request Body: {}
Response 200 OK
Response Body: undefined
[2023-06-03T04:09:17.054Z] GET /company/getCompanyList?ids=2%2C5%2C9
Request Body: {}
Response 200 OK
Response Body: undefined
[2023-06-03T04:09:24.105Z] GET /company/searchCompany/?words=%E3%83%86%E3%83%83%E3%82%AF
Request Body: {}
Response 200 OK
Response Body: undefined
[2023-06-03T04:09:26.992Z] POST /companyInfo/registerCompanyInfo
Request Body: {"email":"jane@example.com","id":"8","memo":""}
[2023-06-03T04:09:27.003Z] PUT /user/update/jane@example.com
Request Body: {"name":"Jane Doe","companyInfoList":["2","5","9","8"]}
Response 200 OK
Response Body: undefined
Response 200 OK
Response Body: undefined
[2023-06-03T04:09:36.744Z] PUT /companyInfo/updateCompanyInfo/jane@example.com/8
Request Body: {"memo":"あfdsふぁsd"}
[2023-06-03T04:09:36.748Z] GET /company/getCompanyList?ids=2%2C5%2C9%2C8
Request Body: {}
Response 200 OK
Response Body: undefined
Response 200 OK
Response Body: undefined
[2023-06-03T04:17:06.048Z] DELETE /companyInfo/deleteCompanyInfo/jane@example.com/8
Request Body: {}
Response 200 OK
Response Body: undefined
[2023-06-03T04:17:06.645Z] PUT /user/update/jane@example.com
Request Body: {"name":"Jane Doe","companyInfoList":["2","5","9"]}
[2023-06-03T04:17:06.649Z] GET /company/getCompanyList?ids=2%2C5%2C9
Request Body: {}
Response 200 OK
Response Body: undefined
Response 304 Not Modified
Response Body: undefined
