[2023-06-06T09:47:53.812Z] POST /user/login
Request Body: {"email":"jane@example.com","password":"qwerty"}
Response 200 OK
Response Body: undefined
[2023-06-06T09:47:53.972Z] GET /companyInfo/getCompanyInfoList?email=
Request Body: {}
[2023-06-06T09:47:53.976Z] GET /company/getCompanyList?ids=
Request Body: {}
Response 304 Not Modified
Response Body: undefined
Response 304 Not Modified
Response Body: undefined
[2023-06-06T09:47:55.124Z] GET /companyInfo/getCompanyInfoList?email=jane@example.com
Request Body: {}
Response 200 OK
Response Body: undefined
[2023-06-06T09:47:55.150Z] GET /company/getCompanyList?ids=2%2C5%2C9
Request Body: {}
Response 200 OK
Response Body: undefined
[2023-06-06T09:47:58.181Z] GET /company/getMyCompanyList?email=jane@example.com
Request Body: {}
Response 200 OK
Response Body: undefined
[2023-06-06T09:48:10.997Z] GET /company/getMyCompanyList?email=jane@example.com
Request Body: {}
Response 304 Not Modified
Response Body: undefined
[2023-06-06T09:49:23.140Z] GET /companyInfo/getCompanyInfoList?email=jane@example.com
Request Body: {}
[2023-06-06T09:49:23.142Z] GET /company/getCompanyList?ids=2%2C5%2C9
Request Body: {}
Response 304 Not Modified
Response Body: undefined
Response 304 Not Modified
Response Body: undefined
[2023-06-06T09:49:23.155Z] GET /company/getCompanyList?ids=2%2C5%2C9
Request Body: {}
Response 304 Not Modified
Response Body: undefined
[2023-06-06T09:49:42.798Z] GET /companyInfo/getCompanyInfoList?email=jane@example.com
Request Body: {}
[2023-06-06T09:49:42.800Z] GET /company/getCompanyList?ids=2%2C5%2C9
Request Body: {}
Response 304 Not Modified
Response Body: undefined
Response 304 Not Modified
Response Body: undefined
[2023-06-06T09:49:42.806Z] GET /company/getCompanyList?ids=2%2C5%2C9
Request Body: {}
Response 304 Not Modified
Response Body: undefined
[2023-06-06T09:49:52.084Z] GET /companyInfo/getCompanyInfoList?email=jane@example.com
Request Body: {}
[2023-06-06T09:49:52.085Z] GET /company/getCompanyList?ids=2%2C5%2C9
Request Body: {}
Response 304 Not Modified
Response Body: undefined
Response 304 Not Modified
Response Body: undefined
[2023-06-06T09:49:52.089Z] GET /company/getCompanyList?ids=2%2C5%2C9
Request Body: {}
Response 304 Not Modified
Response Body: undefined
[2023-06-06T09:50:15.974Z] GET /companyInfo/getCompanyInfoList?email=jane@example.com
Request Body: {}
[2023-06-06T09:50:15.975Z] GET /company/getCompanyList?ids=2%2C5%2C9
Request Body: {}
Response 304 Not Modified
Response Body: undefined
Response 304 Not Modified
Response Body: undefined
[2023-06-06T09:50:15.982Z] GET /company/getCompanyList?ids=2%2C5%2C9
Request Body: {}
Response 304 Not Modified
Response Body: undefined
[2023-06-06T09:50:29.497Z] GET /companyInfo/getCompanyInfoList?email=jane@example.com
Request Body: {}
[2023-06-06T09:50:29.497Z] GET /company/getCompanyList?ids=2%2C5%2C9
Request Body: {}
Response 304 Not Modified
Response Body: undefined
Response 304 Not Modified
Response Body: undefined
[2023-06-06T09:50:29.502Z] GET /company/getCompanyList?ids=2%2C5%2C9
Request Body: {}
Response 304 Not Modified
Response Body: undefined
