[2023-05-31T13:03:36.166Z] POST /user/login
Response 400 Bad Request
Response Body: undefined
[2023-05-31T13:03:43.907Z] POST /user/login
Response 400 Bad Request
Response Body: undefined
[2023-05-31T13:04:03.908Z] POST /user/login
Response 200 OK
Response Body: undefined
[2023-05-31T13:04:03.964Z] GET /companyInfo/getCompanyInfoList?email=
[2023-05-31T13:04:03.967Z] GET /company/getCompanyList?ids=
Response 304 Not Modified
Response Body: undefined
Response 304 Not Modified
Response Body: undefined
[2023-05-31T13:04:07.595Z] GET /companyInfo/getCompanyInfoList?email=jane@example.com
Response 200 OK
Response Body: undefined
[2023-05-31T13:04:07.624Z] GET /company/getCompanyList?ids=2%2C5%2C9
Response 200 OK
Response Body: undefined
[2023-05-31T13:06:39.511Z] POST /user/login
Response 400 Bad Request
Response Body: undefined
[2023-05-31T13:06:55.386Z] POST /user/login
Response 200 OK
Response Body: undefined
[2023-05-31T13:06:55.432Z] GET /companyInfo/getCompanyInfoList?email=
[2023-05-31T13:06:55.436Z] GET /company/getCompanyList?ids=
Response 304 Not Modified
Response Body: undefined
Response 304 Not Modified
Response Body: undefined
[2023-05-31T13:07:01.047Z] GET /companyInfo/getCompanyInfoList?email=jane@example.com
Response 304 Not Modified
Response Body: undefined
[2023-05-31T13:07:01.060Z] GET /company/getCompanyList?ids=2%2C5%2C9
Response 304 Not Modified
Response Body: undefined
