[2023-06-12T04:51:25.523Z] POST /user/login
Request Body: {"email":"jane@example.com","password":"qwerty"}
Response 200 OK
Response Body: undefined
[2023-06-12T04:51:25.640Z] GET /companyInfo/getCompanyInfoList?email=
Request Body: {}
[2023-06-12T04:51:25.642Z] GET /company/getCompanyList?ids=
Request Body: {}
Response 304 Not Modified
Response Body: undefined
Response 304 Not Modified
Response Body: undefined
[2023-06-12T04:51:27.020Z] GET /companyInfo/getCompanyInfoList?email=jane@example.com
Request Body: {}
Response 304 Not Modified
Response Body: undefined
[2023-06-12T04:51:27.059Z] GET /company/getCompanyList?ids=1%2C2%2C5%2C9
Request Body: {}
Response 304 Not Modified
Response Body: undefined
[2023-06-12T04:51:31.938Z] GET /company/getMyCompanyList?email=jane@example.com
Request Body: {}
Response 200 OK
Response Body: undefined
