[2023-06-05T08:52:56.045Z] GET /company/getMyCompanyList?email=john@example.com
Request Body: {}
Response 200 OK
Response Body: undefined
[2023-06-05T08:53:04.710Z] GET /company/getMyCompanyList?email=john@example.com
Request Body: {}
Response 200 OK
Response Body: undefined
[2023-06-05T08:53:05.128Z] GET /company/getMyCompanyList?email=john@example.com
Request Body: {}
Response 200 OK
Response Body: undefined
[2023-06-05T08:53:05.647Z] GET /company/getMyCompanyList?email=john@example.com
Request Body: {}
Response 200 OK
Response Body: undefined
[2023-06-05T08:53:17.998Z] GET /company/getMyCompanyList?email=jane@example.com
Request Body: {}
Response 200 OK
Response Body: undefined
[2023-06-05T08:56:31.896Z] GET /company/getMyCompanyList?email=jane@example.com
Request Body: {}
Response 200 OK
Response Body: undefined
